<?xml version="1.0" encoding="UTF-8"?>
<testsuite xmlns:xsi="http://www.w3.org/2001/XMLSchema-instance" xsi:noNamespaceSchemaLocation="https://maven.apache.org/surefire/maven-surefire-plugin/xsd/surefire-test-report.xsd" name="sl.demo.code.db.mybatisplus.mapper.SelectUserMapperTest" time="0.28" tests="18" errors="0" skipped="0" failures="0">
  <properties>
[...]
</properties>
  <testcase name="selectByLambda" classname="sl.demo.code.db.mybatisplus.mapper.SelectUserMapperTest" time="0.043"/>
  <testcase name="selectByWrapperCondition" classname="sl.demo.code.db.mybatisplus.mapper.SelectUserMapperTest" time="0.009"/>
  <testcase name="selectOne" classname="sl.demo.code.db.mybatisplus.mapper.SelectUserMapperTest" time="0.005"/>
  <testcase name="selectById" classname="sl.demo.code.db.mybatisplus.mapper.SelectUserMapperTest" time="0.012"/>
  <testcase name="selectList" classname="sl.demo.code.db.mybatisplus.mapper.SelectUserMapperTest" time="0.012"/>
  <testcase name="selectMaps" classname="sl.demo.code.db.mybatisplus.mapper.SelectUserMapperTest" time="0.022"/>
  <testcase name="selectObjs" classname="sl.demo.code.db.mybatisplus.mapper.SelectUserMapperTest" time="0.011"/>
  <testcase name="mySelectByXml" classname="sl.demo.code.db.mybatisplus.mapper.SelectUserMapperTest" time="0.007"/>
  <testcase name="selectWithUserPage" classname="sl.demo.code.db.mybatisplus.mapper.SelectUserMapperTest" time="0.054"/>
  <testcase name="mySelect" classname="sl.demo.code.db.mybatisplus.mapper.SelectUserMapperTest" time="0.006"/>
  <testcase name="selectWithPage" classname="sl.demo.code.db.mybatisplus.mapper.SelectUserMapperTest" time="0.008"/>
  <testcase name="selectByIds" classname="sl.demo.code.db.mybatisplus.mapper.SelectUserMapperTest" time="0.01"/>
  <testcase name="selectByMap" classname="sl.demo.code.db.mybatisplus.mapper.SelectUserMapperTest" time="0.008"/>
  <testcase name="selectCount" classname="sl.demo.code.db.mybatisplus.mapper.SelectUserMapperTest" time="0.005"/>
  <testcase name="selectByLambda2" classname="sl.demo.code.db.mybatisplus.mapper.SelectUserMapperTest" time="0.009"/>
  <testcase name="selectByWrapperAllEq" classname="sl.demo.code.db.mybatisplus.mapper.SelectUserMapperTest" time="0.008"/>
  <testcase name="selectByWrapperEntity" classname="sl.demo.code.db.mybatisplus.mapper.SelectUserMapperTest" time="0.013"/>
  <testcase name="selectByWrapper" classname="sl.demo.code.db.mybatisplus.mapper.SelectUserMapperTest" time="0.016"/>
</testsuite>